Internal Server Error: /discover/oralhistories_filtered/
Traceback (most recent call last):
  File "/home/ed/PycharmProjects/wikidataDiscovery/venv/lib/python3.10/site-packages/django/core/handlers/exception.py", line 56, in inner
    response = get_response(request)
  File "/home/ed/PycharmProjects/wikidataDiscovery/venv/lib/python3.10/site-packages/django/core/handlers/base.py", line 197, in _get_response
    response = wrapped_callback(request, *callback_args, **callback_kwargs)
  File "/home/ed/PycharmProjects/wikidataDiscovery/discover/views.py", line 205, in oralhistories_filtered
    the_set = RelationType.objects.filter(domain='orals')
NameError: name 'RelationType' is not defined
"POST /discover/oralhistories_filtered/ HTTP/1.1" 500 78099
Internal Server Error: /discover/about/
Traceback (most recent call last):
  File "/usr/local/lib/python3.10/dist-packages/django/core/handlers/exception.py", line 55, in inner
    response = get_response(request)
  File "/usr/local/lib/python3.10/dist-packages/django/core/handlers/base.py", line 197, in _get_response
    response = wrapped_callback(request, *callback_args, **callback_kwargs)
  File "/home/ed/PycharmProjects/wikidataDiscovery/discover/views.py", line 294, in about
    val = cf.cleaned_data['run_all']
AttributeError: 'WikiLoad' object has no attribute 'cleaned_data'
"GET /discover/about/ HTTP/1.1" 500 77378
Internal Server Error: /discover/about/
Traceback (most recent call last):
  File "/usr/local/lib/python3.10/dist-packages/django/core/handlers/exception.py", line 55, in inner
    response = get_response(request)
  File "/usr/local/lib/python3.10/dist-packages/django/core/handlers/base.py", line 197, in _get_response
    response = wrapped_callback(request, *callback_args, **callback_kwargs)
  File "/home/ed/PycharmProjects/wikidataDiscovery/discover/views.py", line 296, in about
    val = cf.cleaned_data['run_all']
KeyError: 'run_all'
"GET /discover/about/ HTTP/1.1" 500 77277
Internal Server Error: /discover/about/
Traceback (most recent call last):
  File "/usr/local/lib/python3.10/dist-packages/django/core/handlers/exception.py", line 55, in inner
    response = get_response(request)
  File "/usr/local/lib/python3.10/dist-packages/django/core/handlers/base.py", line 197, in _get_response
    response = wrapped_callback(request, *callback_args, **callback_kwargs)
  File "/home/ed/PycharmProjects/wikidataDiscovery/discover/views.py", line 296, in about
    val = cf.cleaned_data['run_all']
KeyError: 'run_all'
"GET /discover/about/ HTTP/1.1" 500 77277
Internal Server Error: /discover/about/
Traceback (most recent call last):
  File "/usr/local/lib/python3.10/dist-packages/django/core/handlers/exception.py", line 55, in inner
    response = get_response(request)
  File "/usr/local/lib/python3.10/dist-packages/django/core/handlers/base.py", line 197, in _get_response
    response = wrapped_callback(request, *callback_args, **callback_kwargs)
  File "/home/ed/PycharmProjects/wikidataDiscovery/discover/views.py", line 310, in about
    return render(request, 'discover/base_about.html', context)
  File "/usr/local/lib/python3.10/dist-packages/django/shortcuts.py", line 24, in render
    content = loader.render_to_string(template_name, context, request, using=using)
  File "/usr/local/lib/python3.10/dist-packages/django/template/loader.py", line 62, in render_to_string
    return template.render(context, request)
  File "/usr/local/lib/python3.10/dist-packages/django/template/backends/django.py", line 62, in render
    return self.template.render(context)
  File "/usr/local/lib/python3.10/dist-packages/django/template/base.py", line 175, in render
    return self._render(context)
  File "/usr/local/lib/python3.10/dist-packages/django/template/base.py", line 167, in _render
    return self.nodelist.render(context)
  File "/usr/local/lib/python3.10/dist-packages/django/template/base.py", line 1005, in render
    return SafeString("".join([node.render_annotated(context) for node in self]))
  File "/usr/local/lib/python3.10/dist-packages/django/template/base.py", line 1005, in <listcomp>
    return SafeString("".join([node.render_annotated(context) for node in self]))
  File "/usr/local/lib/python3.10/dist-packages/django/template/base.py", line 966, in render_annotated
    return self.render(context)
  File "/usr/local/lib/python3.10/dist-packages/django/template/loader_tags.py", line 157, in render
    return compiled_parent._render(context)
  File "/usr/local/lib/python3.10/dist-packages/django/template/base.py", line 167, in _render
    return self.nodelist.render(context)
  File "/usr/local/lib/python3.10/dist-packages/django/template/base.py", line 1005, in render
    return SafeString("".join([node.render_annotated(context) for node in self]))
  File "/usr/local/lib/python3.10/dist-packages/django/template/base.py", line 1005, in <listcomp>
    return SafeString("".join([node.render_annotated(context) for node in self]))
  File "/usr/local/lib/python3.10/dist-packages/django/template/base.py", line 966, in render_annotated
    return self.render(context)
  File "/usr/local/lib/python3.10/dist-packages/django/template/loader_tags.py", line 63, in render
    result = block.nodelist.render(context)
  File "/usr/local/lib/python3.10/dist-packages/django/template/base.py", line 1005, in render
    return SafeString("".join([node.render_annotated(context) for node in self]))
  File "/usr/local/lib/python3.10/dist-packages/django/template/base.py", line 1005, in <listcomp>
    return SafeString("".join([node.render_annotated(context) for node in self]))
  File "/usr/local/lib/python3.10/dist-packages/django/template/base.py", line 966, in render_annotated
    return self.render(context)
  File "/usr/local/lib/python3.10/dist-packages/django/template/base.py", line 1070, in render
    return render_value_in_context(output, context)
  File "/usr/local/lib/python3.10/dist-packages/django/template/base.py", line 1047, in render_value_in_context
    value = str(value)
  File "/usr/local/lib/python3.10/dist-packages/django/forms/utils.py", line 75, in render
    return mark_safe(renderer.render(template, context))
  File "/usr/local/lib/python3.10/dist-packages/django/forms/renderers.py", line 29, in render
    return template.render(context, request=request).strip()
  File "/usr/local/lib/python3.10/dist-packages/django/template/backends/django.py", line 62, in render
    return self.template.render(context)
  File "/usr/local/lib/python3.10/dist-packages/django/template/base.py", line 175, in render
    return self._render(context)
  File "/usr/local/lib/python3.10/dist-packages/django/template/base.py", line 167, in _render
    return self.nodelist.render(context)
  File "/usr/local/lib/python3.10/dist-packages/django/template/base.py", line 1005, in render
    return SafeString("".join([node.render_annotated(context) for node in self]))
  File "/usr/local/lib/python3.10/dist-packages/django/template/base.py", line 1005, in <listcomp>
    return SafeString("".join([node.render_annotated(context) for node in self]))
  File "/usr/local/lib/python3.10/dist-packages/django/template/base.py", line 966, in render_annotated
    return self.render(context)
  File "/usr/local/lib/python3.10/dist-packages/django/template/loader_tags.py", line 208, in render
    return template.render(context)
  File "/usr/local/lib/python3.10/dist-packages/django/template/base.py", line 177, in render
    return self._render(context)
  File "/usr/local/lib/python3.10/dist-packages/django/template/base.py", line 167, in _render
    return self.nodelist.render(context)
  File "/usr/local/lib/python3.10/dist-packages/django/template/base.py", line 1005, in render
    return SafeString("".join([node.render_annotated(context) for node in self]))
  File "/usr/local/lib/python3.10/dist-packages/django/template/base.py", line 1005, in <listcomp>
    return SafeString("".join([node.render_annotated(context) for node in self]))
  File "/usr/local/lib/python3.10/dist-packages/django/template/base.py", line 966, in render_annotated
    return self.render(context)
  File "/usr/local/lib/python3.10/dist-packages/django/template/defaulttags.py", line 238, in render
    nodelist.append(node.render_annotated(context))
  File "/usr/local/lib/python3.10/dist-packages/django/template/base.py", line 966, in render_annotated
    return self.render(context)
  File "/usr/local/lib/python3.10/dist-packages/django/template/base.py", line 1070, in render
    return render_value_in_context(output, context)
  File "/usr/local/lib/python3.10/dist-packages/django/template/base.py", line 1047, in render_value_in_context
    value = str(value)
  File "/usr/local/lib/python3.10/dist-packages/django/utils/html.py", line 419, in <lambda>
    klass.__str__ = lambda self: mark_safe(klass_str(self))
  File "/usr/local/lib/python3.10/dist-packages/django/forms/boundfield.py", line 34, in __str__
    return self.as_widget()
  File "/usr/local/lib/python3.10/dist-packages/django/forms/boundfield.py", line 99, in as_widget
    return widget.render(
  File "/usr/local/lib/python3.10/dist-packages/django/forms/widgets.py", line 280, in render
    context = self.get_context(name, value, attrs)
  File "/usr/local/lib/python3.10/dist-packages/django/forms/widgets.py", line 734, in get_context
    context = super().get_context(name, value, attrs)
  File "/usr/local/lib/python3.10/dist-packages/django/forms/widgets.py", line 693, in get_context
    context["widget"]["optgroups"] = self.optgroups(
  File "/usr/local/lib/python3.10/dist-packages/django/forms/widgets.py", line 633, in optgroups
    for index, (option_value, option_label) in enumerate(self.choices):
ValueError: too many values to unpack (expected 2)
"GET /discover/about/ HTTP/1.1" 500 281541
Internal Server Error: /discover/about/
Traceback (most recent call last):
  File "/usr/local/lib/python3.10/dist-packages/django/core/handlers/exception.py", line 55, in inner
    response = get_response(request)
  File "/usr/local/lib/python3.10/dist-packages/django/core/handlers/base.py", line 197, in _get_response
    response = wrapped_callback(request, *callback_args, **callback_kwargs)
  File "/home/ed/PycharmProjects/wikidataDiscovery/discover/views.py", line 310, in about
    return render(request, 'discover/base_about.html', context)
  File "/usr/local/lib/python3.10/dist-packages/django/shortcuts.py", line 24, in render
    content = loader.render_to_string(template_name, context, request, using=using)
  File "/usr/local/lib/python3.10/dist-packages/django/template/loader.py", line 62, in render_to_string
    return template.render(context, request)
  File "/usr/local/lib/python3.10/dist-packages/django/template/backends/django.py", line 62, in render
    return self.template.render(context)
  File "/usr/local/lib/python3.10/dist-packages/django/template/base.py", line 175, in render
    return self._render(context)
  File "/usr/local/lib/python3.10/dist-packages/django/template/base.py", line 167, in _render
    return self.nodelist.render(context)
  File "/usr/local/lib/python3.10/dist-packages/django/template/base.py", line 1005, in render
    return SafeString("".join([node.render_annotated(context) for node in self]))
  File "/usr/local/lib/python3.10/dist-packages/django/template/base.py", line 1005, in <listcomp>
    return SafeString("".join([node.render_annotated(context) for node in self]))
  File "/usr/local/lib/python3.10/dist-packages/django/template/base.py", line 966, in render_annotated
    return self.render(context)
  File "/usr/local/lib/python3.10/dist-packages/django/template/loader_tags.py", line 157, in render
    return compiled_parent._render(context)
  File "/usr/local/lib/python3.10/dist-packages/django/template/base.py", line 167, in _render
    return self.nodelist.render(context)
  File "/usr/local/lib/python3.10/dist-packages/django/template/base.py", line 1005, in render
    return SafeString("".join([node.render_annotated(context) for node in self]))
  File "/usr/local/lib/python3.10/dist-packages/django/template/base.py", line 1005, in <listcomp>
    return SafeString("".join([node.render_annotated(context) for node in self]))
  File "/usr/local/lib/python3.10/dist-packages/django/template/base.py", line 966, in render_annotated
    return self.render(context)
  File "/usr/local/lib/python3.10/dist-packages/django/template/loader_tags.py", line 63, in render
    result = block.nodelist.render(context)
  File "/usr/local/lib/python3.10/dist-packages/django/template/base.py", line 1005, in render
    return SafeString("".join([node.render_annotated(context) for node in self]))
  File "/usr/local/lib/python3.10/dist-packages/django/template/base.py", line 1005, in <listcomp>
    return SafeString("".join([node.render_annotated(context) for node in self]))
  File "/usr/local/lib/python3.10/dist-packages/django/template/base.py", line 966, in render_annotated
    return self.render(context)
  File "/usr/local/lib/python3.10/dist-packages/django/template/base.py", line 1070, in render
    return render_value_in_context(output, context)
  File "/usr/local/lib/python3.10/dist-packages/django/template/base.py", line 1047, in render_value_in_context
    value = str(value)
  File "/usr/local/lib/python3.10/dist-packages/django/forms/utils.py", line 75, in render
    return mark_safe(renderer.render(template, context))
  File "/usr/local/lib/python3.10/dist-packages/django/forms/renderers.py", line 29, in render
    return template.render(context, request=request).strip()
  File "/usr/local/lib/python3.10/dist-packages/django/template/backends/django.py", line 62, in render
    return self.template.render(context)
  File "/usr/local/lib/python3.10/dist-packages/django/template/base.py", line 175, in render
    return self._render(context)
  File "/usr/local/lib/python3.10/dist-packages/django/template/base.py", line 167, in _render
    return self.nodelist.render(context)
  File "/usr/local/lib/python3.10/dist-packages/django/template/base.py", line 1005, in render
    return SafeString("".join([node.render_annotated(context) for node in self]))
  File "/usr/local/lib/python3.10/dist-packages/django/template/base.py", line 1005, in <listcomp>
    return SafeString("".join([node.render_annotated(context) for node in self]))
  File "/usr/local/lib/python3.10/dist-packages/django/template/base.py", line 966, in render_annotated
    return self.render(context)
  File "/usr/local/lib/python3.10/dist-packages/django/template/loader_tags.py", line 208, in render
    return template.render(context)
  File "/usr/local/lib/python3.10/dist-packages/django/template/base.py", line 177, in render
    return self._render(context)
  File "/usr/local/lib/python3.10/dist-packages/django/template/base.py", line 167, in _render
    return self.nodelist.render(context)
  File "/usr/local/lib/python3.10/dist-packages/django/template/base.py", line 1005, in render
    return SafeString("".join([node.render_annotated(context) for node in self]))
  File "/usr/local/lib/python3.10/dist-packages/django/template/base.py", line 1005, in <listcomp>
    return SafeString("".join([node.render_annotated(context) for node in self]))
  File "/usr/local/lib/python3.10/dist-packages/django/template/base.py", line 966, in render_annotated
    return self.render(context)
  File "/usr/local/lib/python3.10/dist-packages/django/template/defaulttags.py", line 238, in render
    nodelist.append(node.render_annotated(context))
  File "/usr/local/lib/python3.10/dist-packages/django/template/base.py", line 966, in render_annotated
    return self.render(context)
  File "/usr/local/lib/python3.10/dist-packages/django/template/base.py", line 1070, in render
    return render_value_in_context(output, context)
  File "/usr/local/lib/python3.10/dist-packages/django/template/base.py", line 1047, in render_value_in_context
    value = str(value)
  File "/usr/local/lib/python3.10/dist-packages/django/utils/html.py", line 419, in <lambda>
    klass.__str__ = lambda self: mark_safe(klass_str(self))
  File "/usr/local/lib/python3.10/dist-packages/django/forms/boundfield.py", line 34, in __str__
    return self.as_widget()
  File "/usr/local/lib/python3.10/dist-packages/django/forms/boundfield.py", line 94, in as_widget
    attrs = self.build_widget_attrs(attrs, widget)
  File "/usr/local/lib/python3.10/dist-packages/django/forms/boundfield.py", line 261, in build_widget_attrs
    widget.use_required_attribute(self.initial)
  File "/usr/local/lib/python3.10/dist-packages/django/forms/widgets.py", line 759, in use_required_attribute
    and self._choice_has_empty_value(first_choice)
  File "/usr/local/lib/python3.10/dist-packages/django/forms/widgets.py", line 742, in _choice_has_empty_value
    value, _ = choice
ValueError: too many values to unpack (expected 2)
"GET /discover/about/ HTTP/1.1" 500 274997
